Flow report for prelab_2
Tue Oct  5 15:03:42 2021
Quartus Prime Version 20.1.1 Build 720 11/11/2020 SJ Standard Edition


---------------------
; Table of Contents ;
---------------------
  1. Legal Notice
  2. Flow Summary
  3. Flow Settings
  4. Flow Non-Default Global Settings
  5. Flow Elapsed Time
  6. Flow OS Summary
  7. Flow Log
  8. Flow Messages
  9. Flow Suppressed Messages



----------------
; Legal Notice ;
----------------
Copyright (C) 2020  Intel Corporation. All rights reserved.
Your use of Intel Corporation's design tools, logic functions 
and other software and tools, and any partner logic 
functions, and any output files from any of the foregoing 
(including device programming or simulation files), and any 
associated documentation or information are expressly subject 
to the terms and conditions of the Intel Program License 
Subscription Agreement, the Intel Quartus Prime License Agreement,
the Intel FPGA IP License Agreement, or other applicable license
agreement, including, without limitation, that your use is for
the sole purpose of programming logic devices manufactured by
Intel and sold by Intel or its authorized distributors.  Please
refer to the applicable agreement for further details, at
https://fpgasoftware.intel.com/eula.



+-----------------------------------------------------------------------------------+
; Flow Summary                                                                      ;
+---------------------------------+-------------------------------------------------+
; Flow Status                     ; Successful - Tue Oct  5 15:03:42 2021           ;
; Quartus Prime Version           ; 20.1.1 Build 720 11/11/2020 SJ Standard Edition ;
; Revision Name                   ; prelab_2                                        ;
; Top-level Entity Name           ; ripple_carry_adder_32_bit                       ;
; Family                          ; Cyclone V                                       ;
; Device                          ; 5CSEMA5F31C6                                    ;
; Timing Models                   ; Final                                           ;
; Logic utilization (in ALMs)     ; 41 / 32,070 ( < 1 % )                           ;
; Total registers                 ; 98                                              ;
; Total pins                      ; 99 / 457 ( 22 % )                               ;
; Total virtual pins              ; 0                                               ;
; Total block memory bits         ; 0 / 4,065,280 ( 0 % )                           ;
; Total DSP Blocks                ; 0 / 87 ( 0 % )                                  ;
; Total HSSI RX PCSs              ; 0                                               ;
; Total HSSI PMA RX Deserializers ; 0                                               ;
; Total HSSI TX PCSs              ; 0                                               ;
; Total HSSI PMA TX Serializers   ; 0                                               ;
; Total PLLs                      ; 0 / 6 ( 0 % )                                   ;
; Total DLLs                      ; 0 / 4 ( 0 % )                                   ;
+---------------------------------+-------------------------------------------------+


+-----------------------------------------+
; Flow Settings                           ;
+-------------------+---------------------+
; Option            ; Setting             ;
+-------------------+---------------------+
; Start date & time ; 10/05/2021 15:03:04 ;
; Main task         ; Compilation         ;
; Revision Name     ; prelab_2            ;
+-------------------+---------------------+


+--------------------------------------------------------------------------------------------------------------------------------------------------------------+
; Flow Non-Default Global Settings                                                                                                                             ;
+-------------------------------------+----------------------------------------+---------------+---------------------------+-----------------------------------+
; Assignment Name                     ; Value                                  ; Default Value ; Entity Name               ; Section Id                        ;
+-------------------------------------+----------------------------------------+---------------+---------------------------+-----------------------------------+
; COMPILER_SIGNATURE_ID               ; 345046515861.163346778411913           ; --            ; --                        ; --                                ;
; EDA_GENERATE_FUNCTIONAL_NETLIST     ; Off                                    ; --            ; --                        ; eda_board_design_timing           ;
; EDA_GENERATE_FUNCTIONAL_NETLIST     ; Off                                    ; --            ; --                        ; eda_board_design_boundary_scan    ;
; EDA_GENERATE_FUNCTIONAL_NETLIST     ; Off                                    ; --            ; --                        ; eda_board_design_signal_integrity ;
; EDA_GENERATE_FUNCTIONAL_NETLIST     ; Off                                    ; --            ; --                        ; eda_board_design_symbol           ;
; EDA_OUTPUT_DATA_FORMAT              ; Verilog Hdl                            ; --            ; --                        ; eda_simulation                    ;
; EDA_SIMULATION_TOOL                 ; ModelSim-Altera (Verilog)              ; <None>        ; --                        ; --                                ;
; EDA_TIME_SCALE                      ; 1 ps                                   ; --            ; --                        ; eda_simulation                    ;
; MAX_CORE_JUNCTION_TEMP              ; 85                                     ; --            ; --                        ; --                                ;
; MIN_CORE_JUNCTION_TEMP              ; 0                                      ; --            ; --                        ; --                                ;
; PARTITION_COLOR                     ; -- (Not supported for targeted family) ; --            ; ripple_carry_adder_32_bit ; Top                               ;
; PARTITION_FITTER_PRESERVATION_LEVEL ; -- (Not supported for targeted family) ; --            ; ripple_carry_adder_32_bit ; Top                               ;
; PARTITION_NETLIST_TYPE              ; -- (Not supported for targeted family) ; --            ; ripple_carry_adder_32_bit ; Top                               ;
; POWER_BOARD_THERMAL_MODEL           ; None (CONSERVATIVE)                    ; --            ; --                        ; --                                ;
; POWER_PRESET_COOLING_SOLUTION       ; 23 MM HEAT SINK WITH 200 LFPM AIRFLOW  ; --            ; --                        ; --                                ;
; PROJECT_OUTPUT_DIRECTORY            ; output_files                           ; --            ; --                        ; --                                ;
; TOP_LEVEL_ENTITY                    ; ripple_carry_adder_32_bit              ; prelab_2      ; --                        ; --                                ;
+-------------------------------------+----------------------------------------+---------------+---------------------------+-----------------------------------+


+--------------------------------------------------------------------------------------------------------------------------+
; Flow Elapsed Time                                                                                                        ;
+----------------------+--------------+-------------------------+---------------------+------------------------------------+
; Module Name          ; Elapsed Time ; Average Processors Used ; Peak Virtual Memory ; Total CPU Time (on all processors) ;
+----------------------+--------------+-------------------------+---------------------+------------------------------------+
; Analysis & Synthesis ; 00:00:05     ; 1.0                     ; 819 MB              ; 00:00:15                           ;
; Fitter               ; 00:00:21     ; 1.0                     ; 2429 MB             ; 00:00:50                           ;
; Assembler            ; 00:00:04     ; 1.0                     ; 774 MB              ; 00:00:04                           ;
; Timing Analyzer      ; 00:00:04     ; 1.1                     ; 1147 MB             ; 00:00:03                           ;
; EDA Netlist Writer   ; 00:00:01     ; 1.0                     ; 951 MB              ; 00:00:01                           ;
; Total                ; 00:00:35     ; --                      ; --                  ; 00:01:13                           ;
+----------------------+--------------+-------------------------+---------------------+------------------------------------+


+---------------------------------------------------------------------------------+
; Flow OS Summary                                                                 ;
+----------------------+------------------+---------+------------+----------------+
; Module Name          ; Machine Hostname ; OS Name ; OS Version ; Processor type ;
+----------------------+------------------+---------+------------+----------------+
; Analysis & Synthesis ; engr-elec70-12L  ; Red Hat ; Red Hat    ; x86_64         ;
; Fitter               ; engr-elec70-12L  ; Red Hat ; Red Hat    ; x86_64         ;
; Assembler            ; engr-elec70-12L  ; Red Hat ; Red Hat    ; x86_64         ;
; Timing Analyzer      ; engr-elec70-12L  ; Red Hat ; Red Hat    ; x86_64         ;
; EDA Netlist Writer   ; engr-elec70-12L  ; Red Hat ; Red Hat    ; x86_64         ;
+----------------------+------------------+---------+------------+----------------+


------------
; Flow Log ;
------------
quartus_map --read_settings_files=on --write_settings_files=off prelab_2 -c prelab_2
quartus_fit --read_settings_files=off --write_settings_files=off prelab_2 -c prelab_2
quartus_asm --read_settings_files=off --write_settings_files=off prelab_2 -c prelab_2
quartus_sta prelab_2 -c prelab_2
quartus_eda --read_settings_files=off --write_settings_files=off prelab_2 -c prelab_2



